<?xml version="1.0" encoding="UTF-8"?>
<!-- Generated by org.testng.reporters.JUnitReportReporter -->
<testsuite hostname="NikhilRaikar" failures="0" tests="1" name="practice.ReadDataFromExcel" time="0.922" errors="0" timestamp="2024-06-10T11:27:42 CEST" skipped="0">
  <testcase classname="practice.ReadDataFromExcel" name="readData" time="0.922"/>
</testsuite> <!-- practice.ReadDataFromExcel -->
