<?xml version="1.0" encoding="UTF-8"?>
<!-- Generated by org.testng.reporters.JUnitReportReporter -->
<testsuite hostname="NikhilRaikar" failures="0" tests="1" name="practice.ReadData" time="1.196" errors="0" timestamp="2024-06-10T09:25:40 CEST" skipped="0">
  <testcase classname="practice.ReadData" name="readdata" time="1.196"/>
</testsuite> <!-- practice.ReadData -->
